[2025-05-25T20:22:42.897500+02:00] import.INFO: Skipped row - invalid category {"row":"\"2025-05-01 18:00:00\",100.00,\"Weekly food\",Groceries","category":"Groceries"} []
[2025-05-25T20:22:42.910456+02:00] import.INFO: Skipped row - duplicate {"row":"\"2025-05-03 21:00:00\",30.50,\"Night out\",Entertainment"} []
[2025-05-25T20:22:42.910542+02:00] import.INFO: Skipped row - empty description {"row":"\"2025-05-03 21:00:00\",30.50,\"\",Entertainment"} []
[2025-05-25T20:22:42.910576+02:00] import.INFO: Skipped row - invalid category {"row":"\"2025-05-03 21:00:00\",30.50,\"This should be skipped because of unknown category\",Abracadabra","category":"Abracadabra"} []
[2025-05-25T20:22:42.917601+02:00] import.INFO: Skipped row - invalid category {"row":"\"2025-05-05 19:00:00\",20.00,\"Pizza and nachos\",Groceries","category":"Groceries"} []
[2025-05-25T20:22:42.917726+02:00] import.INFO: Import completed {"imported":4,"skipped":9,"userId":2} []
[2025-05-25T20:23:11.475713+02:00] import.INFO: Skipped row - invalid category {"row":"\"2025-05-01 18:00:00\",100.00,\"Weekly food\",Groceries","category":"Groceries"} []
[2025-05-25T20:23:11.490551+02:00] import.INFO: Skipped row - duplicate {"row":"\"2025-05-03 21:00:00\",30.50,\"Night out\",Entertainment"} []
[2025-05-25T20:23:11.490649+02:00] import.INFO: Skipped row - empty description {"row":"\"2025-05-03 21:00:00\",30.50,\"\",Entertainment"} []
[2025-05-25T20:23:11.490701+02:00] import.INFO: Skipped row - invalid category {"row":"\"2025-05-03 21:00:00\",30.50,\"This should be skipped because of unknown category\",Abracadabra","category":"Abracadabra"} []
[2025-05-25T20:23:11.501370+02:00] import.INFO: Skipped row - invalid category {"row":"\"2025-05-05 19:00:00\",20.00,\"Pizza and nachos\",Groceries","category":"Groceries"} []
[2025-05-25T20:23:11.501420+02:00] import.INFO: Import completed {"imported":4,"skipped":9,"userId":2} []
[2025-05-25T20:24:15.838420+02:00] import.INFO: Skipped row - invalid category {"row":"\"2025-05-01 18:00:00\",100.00,\"Weekly food\",Groceries","category":"Groceries"} []
[2025-05-25T20:24:15.848239+02:00] import.INFO: Skipped row - duplicate {"row":"\"2025-05-03 21:00:00\",30.50,\"Night out\",Entertainment"} []
[2025-05-25T20:24:15.848277+02:00] import.INFO: Skipped row - empty description {"row":"\"2025-05-03 21:00:00\",30.50,\"\",Entertainment"} []
[2025-05-25T20:24:15.848297+02:00] import.INFO: Skipped row - invalid category {"row":"\"2025-05-03 21:00:00\",30.50,\"This should be skipped because of unknown category\",Abracadabra","category":"Abracadabra"} []
[2025-05-25T20:24:15.856362+02:00] import.INFO: Skipped row - invalid category {"row":"\"2025-05-05 19:00:00\",20.00,\"Pizza and nachos\",Groceries","category":"Groceries"} []
[2025-05-25T20:24:15.856400+02:00] import.INFO: Import completed {"imported":4,"skipped":9,"userId":2} []
[2025-05-25T20:25:43.095573+02:00] import.INFO: Skipped row - invalid category {"row":"\"2025-05-01 18:00:00\",100.00,\"Weekly food\",Groceries","category":"Groceries"} []
[2025-05-25T20:25:43.110791+02:00] import.INFO: Skipped row - duplicate {"row":"\"2025-05-03 21:00:00\",30.50,\"Night out\",Entertainment"} []
[2025-05-25T20:25:43.110891+02:00] import.INFO: Skipped row - empty description {"row":"\"2025-05-03 21:00:00\",30.50,\"\",Entertainment"} []
[2025-05-25T20:25:43.110960+02:00] import.INFO: Skipped row - invalid category {"row":"\"2025-05-03 21:00:00\",30.50,\"This should be skipped because of unknown category\",Abracadabra","category":"Abracadabra"} []
[2025-05-25T20:25:43.120970+02:00] import.INFO: Skipped row - invalid category {"row":"\"2025-05-05 19:00:00\",20.00,\"Pizza and nachos\",Groceries","category":"Groceries"} []
[2025-05-25T20:25:43.121009+02:00] import.INFO: Import completed {"imported":4,"skipped":9,"userId":2} []
[2025-05-25T20:36:16.206470+02:00] import.INFO: Skipped row - duplicate {"row":"\"2025-05-03 21:00:00\",30.50,\"Night out\",Entertainment"} []
[2025-05-25T20:36:16.208364+02:00] import.INFO: Skipped row - empty description {"row":"\"2025-05-03 21:00:00\",30.50,\"\",Entertainment"} []
[2025-05-25T20:36:16.208502+02:00] import.INFO: Skipped row - invalid category {"row":"\"2025-05-03 21:00:00\",30.50,\"This should be skipped because of unknown category\",Abracadabra","category":"Abracadabra"} []
[2025-05-25T20:36:16.226155+02:00] import.INFO: Import completed {"imported":6,"skipped":9,"userId":2} []
[2025-05-25T20:36:39.026906+02:00] import.INFO: Skipped row - duplicate {"row":"\"2025-05-03 21:00:00\",30.50,\"Night out\",Entertainment"} []
[2025-05-25T20:36:39.027822+02:00] import.INFO: Skipped row - empty description {"row":"\"2025-05-03 21:00:00\",30.50,\"\",Entertainment"} []
[2025-05-25T20:36:39.027853+02:00] import.INFO: Skipped row - invalid category {"row":"\"2025-05-03 21:00:00\",30.50,\"This should be skipped because of unknown category\",Abracadabra","category":"Abracadabra"} []
[2025-05-25T20:36:39.038558+02:00] import.INFO: Import completed {"imported":6,"skipped":9,"userId":2} []
